DEBUG:__main__:[01/27/13 21:30:54][Logger]aa
INFO:__main__:Decoded command a packet! aa000000ff00ff
DEBUG:__main__:[01/27/13 21:30:54][Logger]
DEBUG:__main__:[01/27/13 21:30:54][Logger]2a
DEBUG:__main__:[01/27/13 21:30:54][Logger]2a
DEBUG:__main__:[01/27/13 21:30:54][Logger]2a
DEBUG:__main__:[01/27/13 21:30:54][Logger]2a
DEBUG:__main__:[01/27/13 21:30:54][Logger]2a
DEBUG:__main__:[01/27/13 21:30:54][Logger]2a
DEBUG:__main__:[01/27/13 21:30:55][Logger]2a
DEBUG:__main__:[01/27/13 21:30:55][Logger]2a
DEBUG:__main__:[01/27/13 21:30:55][Logger]2a
DEBUG:__main__:[01/27/13 21:30:55][Logger]2a
DEBUG:__main__:[01/27/13 21:30:55][Logger]2a
DEBUG:__main__:[01/27/13 21:30:55][Logger]2a
DEBUG:__main__:[01/27/13 21:30:55][Logger]2a
DEBUG:__main__:[01/27/13 21:30:55][Logger]2a
DEBUG:__main__:[01/27/13 21:30:55][Logger]2a
DEBUG:__main__:[01/27/13 21:30:55][Logger]2a
DEBUG:__main__:[01/27/13 21:30:55][Logger]2a
DEBUG:__main__:[01/27/13 21:30:55][Logger]2a
DEBUG:__main__:[01/27/13 21:30:55][Logger]2a
DEBUG:__main__:[01/27/13 21:30:55][Logger]2a
DEBUG:__main__:[01/27/13 21:30:55][Logger]2a
DEBUG:__main__:[01/27/13 21:30:55][Logger]2a
DEBUG:__main__:[01/27/13 21:30:55][Logger]2a
DEBUG:__main__:[01/27/13 21:30:55][Logger]2a
DEBUG:__main__:[01/27/13 21:30:55][Logger]2a
DEBUG:__main__:[01/27/13 21:30:55][Logger]2a
DEBUG:__main__:[01/27/13 21:30:55][Logger]2a
DEBUG:__main__:[01/27/13 21:30:55][Logger]2a
DEBUG:__main__:[01/27/13 21:30:55][Logger]2a
DEBUG:__main__:[01/27/13 21:30:55][Logger]2a
DEBUG:__main__:[01/27/13 21:30:55][Logger]2a
DEBUG:__main__:[01/27/13 21:30:55][Logger]2a
DEBUG:__main__:[01/27/13 21:30:55][Logger]2a
DEBUG:__main__:[01/27/13 21:30:55][Logger]2a
DEBUG:__main__:[01/27/13 21:30:55][Logger]2a
DEBUG:__main__:[01/27/13 21:30:55][Logger]2a
DEBUG:__main__:[01/27/13 21:30:55][Logger]2a
DEBUG:__main__:[01/27/13 21:30:55][Logger]2a
DEBUG:__main__:[01/27/13 21:30:55][Logger]2a
DEBUG:__main__:[01/27/13 21:30:55][Logger]2a
DEBUG:__main__:[01/27/13 21:30:55][Logger]01
DEBUG:__main__:[01/27/13 21:30:55][Logger]01
DEBUG:__main__:[01/27/13 21:30:55][Logger]01
DEBUG:__main__:[01/27/13 21:30:55][Logger]01
DEBUG:__main__:[01/27/13 21:30:55][Logger]01
DEBUG:__main__:[01/27/13 21:30:55][Logger]01
DEBUG:__main__:[01/27/13 21:30:55][Logger]01
DEBUG:__main__:[01/27/13 21:30:56][Logger]01
DEBUG:__main__:[01/27/13 21:30:56][Logger]01
DEBUG:__main__:[01/27/13 21:30:56][Logger]01
DEBUG:__main__:[01/27/13 21:30:56][Logger]01
DEBUG:__main__:[01/27/13 21:30:56][Logger]01
DEBUG:__main__:[01/27/13 21:30:56][Logger]01
DEBUG:__main__:[01/27/13 21:30:56][Logger]01
DEBUG:__main__:[01/27/13 21:30:56][Logger]01
DEBUG:__main__:[01/27/13 21:30:56][Logger]01
DEBUG:__main__:[01/27/13 21:30:56][Logger]01
DEBUG:__main__:[01/27/13 21:30:56][Logger]01
DEBUG:__main__:[01/27/13 21:30:56][Logger]01
DEBUG:__main__:[01/27/13 21:30:56][Logger]01
DEBUG:__main__:[01/27/13 21:30:57][Logger]5500000001
DEBUG:__main__:[01/27/13 21:30:57][Logger]0001
INFO:__main__:Decoded response a packet! 55000000010001
